2025-05-24 13:07:53,136 - analysis - [32mINFO[0m - 技术指标计算器初始化完成
2025-05-24 13:07:53,143 - analysis - [32mINFO[0m - RSI计算完成，有效值范围: 37.56 - 62.84
2025-05-24 13:07:53,146 - analysis - [32mINFO[0m - RSI分析完成: 正常 (RSI=62.84)
2025-05-24 13:07:53,146 - analysis - [32mINFO[0m - 技术分析摘要生成完成: TSLA
2025-05-24 13:09:12,191 - analysis - [32mINFO[0m - 技术指标计算器初始化完成
2025-05-24 13:09:12,200 - analysis - [32mINFO[0m - RSI计算完成，有效值范围: 43.70 - 56.92
2025-05-24 13:09:12,203 - analysis - [32mINFO[0m - RSI分析完成: 正常 (RSI=48.82)
2025-05-24 13:09:12,204 - analysis - [32mINFO[0m - 技术分析摘要生成完成: AAPL
2025-05-24 13:09:22,947 - analysis - [32mINFO[0m - 技术指标计算器初始化完成
2025-05-24 13:09:22,954 - analysis - [32mINFO[0m - RSI计算完成，有效值范围: 43.27 - 57.48
2025-05-24 13:09:22,956 - analysis - [32mINFO[0m - RSI分析完成: 正常 (RSI=51.03)
2025-05-24 13:09:22,957 - analysis - [32mINFO[0m - 技术分析摘要生成完成: NVDA
2025-05-24 13:10:07,220 - analysis - [32mINFO[0m - RSI计算完成，有效值范围: 50.00 - 68.43
2025-05-24 13:10:07,224 - analysis - [32mINFO[0m - RSI计算完成，有效值范围: 50.00 - 100.00
2025-05-24 13:10:07,228 - analysis - [32mINFO[0m - RSI计算完成，有效值范围: 0.00 - 50.00
2025-05-24 13:10:07,231 - analysis - [32mINFO[0m - RSI计算完成，有效值范围: 50.00 - 50.00
2025-05-24 13:10:07,241 - analysis - [32mINFO[0m - RSI计算完成，有效值范围: 11.21 - 95.07
2025-05-24 13:10:07,251 - analysis - [32mINFO[0m - RSI计算完成，有效值范围: 22.02 - 83.92
2025-05-24 13:10:07,259 - analysis - [32mINFO[0m - RSI计算完成，有效值范围: 25.82 - 74.31
2025-05-24 13:10:07,265 - analysis - [32mINFO[0m - RSI计算完成，有效值范围: 30.00 - 50.00
2025-05-24 13:10:07,271 - analysis - [32mINFO[0m - RSI计算完成，有效值范围: 32.61 - 50.00
2025-05-24 13:16:22,180 - analysis - [32mINFO[0m - 技术指标计算器初始化完成
2025-05-24 13:16:22,192 - analysis - [32mINFO[0m - RSI计算完成，有效值范围: 37.56 - 62.84
2025-05-24 13:16:32,548 - analysis - [32mINFO[0m - 技术指标计算器初始化完成
2025-05-24 13:16:32,553 - analysis - [32mINFO[0m - RSI计算完成，有效值范围: 37.76 - 50.00
2025-05-24 13:17:08,960 - analysis - [32mINFO[0m - 技术指标计算器初始化完成
2025-05-24 13:17:08,970 - analysis - [32mINFO[0m - RSI计算完成，有效值范围: 37.76 - 50.00
2025-05-24 13:23:03,036 - analysis - [32mINFO[0m - 技术指标计算器初始化完成
2025-05-24 13:23:03,054 - analysis - [32mINFO[0m - RSI计算完成，有效值范围: 29.51 - 54.58
2025-05-24 13:23:03,056 - analysis - [32mINFO[0m - MACD计算完成，MACD范围: -9.2585 - 1.0227
2025-05-24 13:23:03,058 - analysis - [32mINFO[0m - RSI分析完成: 正常 (RSI=38.97)
2025-05-24 13:23:03,059 - analysis - [32mINFO[0m - MACD分析完成: 无交叉, 空头区域 (MACD=-6.4818)
2025-05-24 13:23:03,060 - analysis - [32mINFO[0m - 技术分析摘要生成完成: TSLA
2025-05-24 13:23:07,928 - analysis - [32mINFO[0m - 技术指标计算器初始化完成
2025-05-24 13:23:07,936 - analysis - [32mINFO[0m - RSI计算完成，有效值范围: 29.51 - 54.58
2025-05-24 13:23:07,938 - analysis - [32mINFO[0m - MACD计算完成，MACD范围: -9.2585 - 1.0227
2025-05-24 13:23:07,939 - analysis - [32mINFO[0m - RSI分析完成: 正常 (RSI=38.97)
2025-05-24 13:23:07,941 - analysis - [32mINFO[0m - MACD分析完成: 无交叉, 空头区域 (MACD=-6.4818)
2025-05-24 13:23:07,941 - analysis - [32mINFO[0m - 技术分析摘要生成完成: TSLA
2025-05-24 13:23:17,925 - analysis - [32mINFO[0m - 技术指标计算器初始化完成
2025-05-24 13:23:17,938 - analysis - [32mINFO[0m - RSI计算完成，有效值范围: 50.00 - 79.92
2025-05-24 13:23:17,940 - analysis - [32mINFO[0m - MACD计算完成，MACD范围: 0.0000 - 20.8291
2025-05-24 13:23:17,942 - analysis - [32mINFO[0m - RSI分析完成: 正常 (RSI=59.76)
2025-05-24 13:23:17,945 - analysis - [32mINFO[0m - MACD分析完成: 无交叉, 多头区域 (MACD=10.6631)
2025-05-24 13:23:17,945 - analysis - [32mINFO[0m - 技术分析摘要生成完成: NVDA
2025-05-24 13:23:27,119 - analysis - [32mINFO[0m - 技术指标计算器初始化完成
2025-05-24 13:23:27,128 - analysis - [32mINFO[0m - RSI计算完成，有效值范围: 31.35 - 68.43
2025-05-24 13:23:27,131 - analysis - [32mINFO[0m - MACD计算完成，MACD范围: -4.1690 - 3.3000
2025-05-24 13:23:27,132 - analysis - [32mINFO[0m - RSI分析完成: 正常 (RSI=56.22)
2025-05-24 13:23:27,133 - analysis - [32mINFO[0m - MACD分析完成: 无交叉, 过渡区域 (MACD=0.8364)
2025-05-24 13:23:27,134 - analysis - [32mINFO[0m - 技术分析摘要生成完成: AAPL
2025-05-24 13:24:12,774 - analysis - [32mINFO[0m - MACD计算完成，MACD范围: -4.0811 - 2.1699
2025-05-24 13:24:12,775 - analysis - [32mINFO[0m - 技术指标计算器初始化完成
2025-05-24 13:24:12,777 - analysis - [32mINFO[0m - MACD计算完成，MACD范围: -2.5643 - 3.4801
2025-05-24 13:24:12,778 - analysis - [32mINFO[0m - 技术指标计算器初始化完成
2025-05-24 13:24:12,779 - analysis - [32mINFO[0m - MACD分析完成: 无交叉, 多头区域 (MACD=3.4801)
2025-05-24 13:24:12,780 - analysis - [32mINFO[0m - 技术指标计算器初始化完成
2025-05-24 13:24:12,782 - analysis - [32mINFO[0m - MACD计算完成，MACD范围: 0.0000 - 6.7137
2025-05-24 13:30:34,233 - analysis - [32mINFO[0m - 技术指标计算器初始化完成
2025-05-24 13:30:34,241 - analysis - [32mINFO[0m - ATR计算完成，有效值范围: 10.5306 - 10.5714
2025-05-24 13:30:34,242 - analysis - [32mINFO[0m - 技术指标计算器初始化完成
2025-05-24 13:30:34,245 - analysis - [32mINFO[0m - ATR计算完成，有效值范围: 0.0000 - 0.0000
2025-05-24 13:30:34,247 - analysis - [32mINFO[0m - ATR计算完成，有效值范围: 92.0663 - 96.0714
2025-05-24 13:30:34,250 - analysis - [32mINFO[0m - 技术指标计算器初始化完成
2025-05-24 13:30:34,254 - analysis - [32mINFO[0m - ATR计算完成，有效值范围: 14.5204 - 14.7143
2025-05-24 13:30:34,254 - analysis - [32mINFO[0m - 技术指标计算器初始化完成
2025-05-24 13:30:34,258 - analysis - [32mINFO[0m - ATR计算完成，有效值范围: 13.8299 - 14.7143
2025-05-24 13:30:34,260 - analysis - [32mINFO[0m - ATR分析完成: 低波动 (ATR=13.8299, 8.92%)
2025-05-24 13:30:43,778 - analysis - [32mINFO[0m - 技术指标计算器初始化完成
2025-05-24 13:30:43,791 - analysis - [32mINFO[0m - RSI计算完成，有效值范围: 29.51 - 54.58
2025-05-24 13:30:43,795 - analysis - [32mINFO[0m - MACD计算完成，MACD范围: -9.2585 - 1.0227
2025-05-24 13:30:43,810 - analysis - [32mINFO[0m - ATR计算完成，有效值范围: 6.4219 - 8.5776
2025-05-24 13:30:43,812 - analysis - [32mINFO[0m - RSI分析完成: 正常 (RSI=38.97)
2025-05-24 13:30:43,814 - analysis - [32mINFO[0m - MACD分析完成: 无交叉, 空头区域 (MACD=-6.4818)
2025-05-24 13:30:43,818 - analysis - [32mINFO[0m - ATR分析完成: 低波动 (ATR=6.4366, 2.98%)
2025-05-24 13:30:43,818 - analysis - [32mINFO[0m - 技术分析摘要生成完成: TSLA
2025-05-24 13:30:53,276 - analysis - [32mINFO[0m - 技术指标计算器初始化完成
2025-05-24 13:30:53,285 - analysis - [32mINFO[0m - RSI计算完成，有效值范围: 34.99 - 62.68
2025-05-24 13:30:53,287 - analysis - [32mINFO[0m - MACD计算完成，MACD范围: -6.2486 - 2.6928
2025-05-24 13:30:53,295 - analysis - [32mINFO[0m - ATR计算完成，有效值范围: 11.8048 - 13.2914
2025-05-24 13:30:53,297 - analysis - [32mINFO[0m - RSI分析完成: 正常 (RSI=50.05)
2025-05-24 13:30:53,299 - analysis - [32mINFO[0m - MACD分析完成: 无交叉, 空头区域 (MACD=-0.4552)
2025-05-24 13:30:53,300 - analysis - [32mINFO[0m - ATR分析完成: 正常波动 (ATR=13.0275, 2.93%)
2025-05-24 13:30:53,300 - analysis - [32mINFO[0m - 技术分析摘要生成完成: NVDA
2025-05-24 13:36:09,547 - analysis - [32mINFO[0m - 支撑阻力位分析器初始化完成
2025-05-24 13:36:09,554 - analysis - [32mINFO[0m - 局部高低点识别完成: 2个高点, 2个低点
2025-05-24 13:36:09,555 - analysis - [32mINFO[0m - 支撑阻力位分析器初始化完成
2025-05-24 13:36:09,561 - analysis - [32mINFO[0m - 局部高低点识别完成: 3个高点, 3个低点
2025-05-24 13:36:09,563 - analysis - [32mINFO[0m - 支撑阻力位分析器初始化完成
2025-05-24 13:36:09,563 - analysis - [32mINFO[0m - 开始价格行为分析: 50个数据点
2025-05-24 13:36:09,572 - analysis - [32mINFO[0m - 局部高低点识别完成: 6个高点, 4个低点
2025-05-24 13:36:09,573 - analysis - [32mINFO[0m - 支撑阻力位分析器初始化完成
2025-05-24 13:36:09,575 - analysis - [32mINFO[0m - 局部高低点识别完成: 0个高点, 0个低点
2025-05-24 13:36:09,577 - analysis - [32mINFO[0m - 局部高低点识别完成: 3个高点, 3个低点
2025-05-24 13:36:27,741 - analysis - [32mINFO[0m - 支撑阻力位分析器初始化完成
2025-05-24 13:36:27,747 - analysis - [32mINFO[0m - 局部高低点识别完成: 2个高点, 2个低点
2025-05-24 13:36:27,747 - analysis - [32mINFO[0m - 支撑阻力位分析器初始化完成
2025-05-24 13:36:27,753 - analysis - [32mINFO[0m - 局部高低点识别完成: 3个高点, 3个低点
2025-05-24 13:36:27,754 - analysis - [32mINFO[0m - 支撑阻力位识别完成: 2个阻力位, 3个支撑位
2025-05-24 13:36:27,755 - analysis - [32mINFO[0m - 支撑阻力位分析器初始化完成
2025-05-24 13:36:27,755 - analysis - [32mINFO[0m - 开始价格行为分析: 50个数据点
2025-05-24 13:36:27,764 - analysis - [32mINFO[0m - 局部高低点识别完成: 6个高点, 4个低点
2025-05-24 13:36:27,765 - analysis - [32mINFO[0m - 支撑阻力位识别完成: 4个阻力位, 4个支撑位
2025-05-24 13:36:27,765 - analysis - [32mINFO[0m - 价格行为分析完成: 6高点, 4低点, 4阻力位, 4支撑位
2025-05-24 13:36:27,765 - analysis - [32mINFO[0m - 支撑阻力位分析器初始化完成
2025-05-24 13:36:27,768 - analysis - [32mINFO[0m - 局部高低点识别完成: 0个高点, 0个低点
2025-05-24 13:36:27,770 - analysis - [32mINFO[0m - 局部高低点识别完成: 3个高点, 3个低点
2025-05-24 13:36:38,458 - analysis - [32mINFO[0m - 技术指标计算器初始化完成
2025-05-24 13:36:38,468 - analysis - [32mINFO[0m - RSI计算完成，有效值范围: 48.11 - 67.29
2025-05-24 13:36:38,470 - analysis - [32mINFO[0m - MACD计算完成，MACD范围: -0.5264 - 4.0745
2025-05-24 13:36:38,478 - analysis - [32mINFO[0m - ATR计算完成，有效值范围: 4.8982 - 5.5286
2025-05-24 13:36:38,480 - analysis - [32mINFO[0m - 支撑阻力位分析器初始化完成
2025-05-24 13:36:38,480 - analysis - [32mINFO[0m - 开始价格行为分析: 36个数据点
2025-05-24 13:36:38,488 - analysis - [32mINFO[0m - 局部高低点识别完成: 2个高点, 3个低点
2025-05-24 13:36:38,488 - analysis - [32mINFO[0m - 支撑阻力位识别完成: 1个阻力位, 3个支撑位
2025-05-24 13:36:38,490 - analysis - [32mINFO[0m - 价格行为分析完成: 2高点, 3低点, 1阻力位, 3支撑位
2025-05-24 13:36:38,491 - analysis - [32mINFO[0m - RSI分析完成: 正常 (RSI=48.11)
2025-05-24 13:36:38,494 - analysis - [32mINFO[0m - MACD分析完成: 无交叉, 多头区域 (MACD=0.5920)
2025-05-24 13:36:38,496 - analysis - [32mINFO[0m - ATR分析完成: 正常波动 (ATR=5.0687, 2.73%)
2025-05-24 13:36:38,496 - analysis - [32mINFO[0m - 技术分析摘要生成完成: AAPL
2025-05-24 13:37:34,125 - analysis - [32mINFO[0m - 技术指标计算器初始化完成
2025-05-24 13:37:34,142 - analysis - [32mINFO[0m - RSI计算完成，有效值范围: 29.51 - 54.58
2025-05-24 13:37:34,144 - analysis - [32mINFO[0m - MACD计算完成，MACD范围: -9.2585 - 1.0227
2025-05-24 13:37:34,154 - analysis - [32mINFO[0m - ATR计算完成，有效值范围: 6.4219 - 8.5776
2025-05-24 13:37:34,155 - analysis - [32mINFO[0m - 支撑阻力位分析器初始化完成
2025-05-24 13:37:34,155 - analysis - [32mINFO[0m - 开始价格行为分析: 51个数据点
2025-05-24 13:37:34,168 - analysis - [32mINFO[0m - 局部高低点识别完成: 2个高点, 2个低点
2025-05-24 13:37:34,169 - analysis - [32mINFO[0m - 支撑阻力位识别完成: 2个阻力位, 2个支撑位
2025-05-24 13:37:34,169 - analysis - [32mINFO[0m - 价格行为分析完成: 2高点, 2低点, 2阻力位, 2支撑位
2025-05-24 13:37:34,171 - analysis - [32mINFO[0m - RSI分析完成: 正常 (RSI=38.97)
2025-05-24 13:37:34,173 - analysis - [32mINFO[0m - MACD分析完成: 无交叉, 空头区域 (MACD=-6.4818)
2025-05-24 13:37:34,175 - analysis - [32mINFO[0m - ATR分析完成: 低波动 (ATR=6.4366, 2.98%)
2025-05-24 13:37:34,175 - analysis - [32mINFO[0m - 技术分析摘要生成完成: TSLA
2025-05-24 13:37:43,532 - analysis - [32mINFO[0m - 技术指标计算器初始化完成
2025-05-24 13:37:43,540 - analysis - [32mINFO[0m - RSI计算完成，有效值范围: 34.99 - 62.68
2025-05-24 13:37:43,542 - analysis - [32mINFO[0m - MACD计算完成，MACD范围: -6.2486 - 2.6928
2025-05-24 13:37:43,547 - analysis - [32mINFO[0m - ATR计算完成，有效值范围: 11.8048 - 13.2914
2025-05-24 13:37:43,548 - analysis - [32mINFO[0m - 支撑阻力位分析器初始化完成
2025-05-24 13:37:43,548 - analysis - [32mINFO[0m - 开始价格行为分析: 36个数据点
2025-05-24 13:37:43,559 - analysis - [32mINFO[0m - 局部高低点识别完成: 2个高点, 2个低点
2025-05-24 13:37:43,560 - analysis - [32mINFO[0m - 支撑阻力位识别完成: 2个阻力位, 2个支撑位
2025-05-24 13:37:43,560 - analysis - [32mINFO[0m - 价格行为分析完成: 2高点, 2低点, 2阻力位, 2支撑位
2025-05-24 13:37:43,561 - analysis - [32mINFO[0m - RSI分析完成: 正常 (RSI=50.05)
2025-05-24 13:37:43,563 - analysis - [32mINFO[0m - MACD分析完成: 无交叉, 空头区域 (MACD=-0.4552)
2025-05-24 13:37:43,564 - analysis - [32mINFO[0m - ATR分析完成: 正常波动 (ATR=13.0275, 2.93%)
2025-05-24 13:37:43,564 - analysis - [32mINFO[0m - 技术分析摘要生成完成: NVDA
