
2025-05-26 15:51:47,460 - __main__ - INFO - ç¾è‚¡æ—¥å†…å¥—åˆ©åŠ©æ‰‹ v1.0.0 å¯åŠ¨
2025-05-26 15:51:48,512 - app.core.config - [32mINFO[0m - åŠ è½½ç³»ç»Ÿé…ç½®: config/system.yaml
2025-05-26 15:51:48,533 - app.core.config - [32mINFO[0m - å·²åŠ è½½ 1 ä¸ªè‚¡ç¥¨é…ç½®
2025-05-26 15:51:48,533 - app.core.config - [32mINFO[0m - å·²åŠ è½½ 0 ä¸ªç­–ç•¥é…ç½®
2025-05-26 15:51:48,534 - app.core.config - [32mINFO[0m - æ‰€æœ‰é…ç½®åŠ è½½å®Œæˆ
2025-05-26 15:51:48,534 - data.fetcher - [32mINFO[0m - è‚¡ç¥¨æ•°æ®è·å–å™¨åˆå§‹åŒ–å®Œæˆï¼Œä¸»æ•°æ®æº: yfinance
2025-05-26 15:51:48,534 - data.fetcher - [32mINFO[0m - æ¨¡æ‹Ÿæ•°æ®è·å–å™¨åˆå§‹åŒ–å®Œæˆ
2025-05-26 15:51:48,541 - __main__ - [31mERROR[0m - åˆ†æå¤±è´¥: [Errno 32] Broken pipe
2025-05-26 15:52:00,504 - __main__ - INFO - ç¾è‚¡æ—¥å†…å¥—åˆ©åŠ©æ‰‹ v1.0.0 å¯åŠ¨
2025-05-26 16:10:48,002 - app.core.config - [32mINFO[0m - åŠ è½½ç³»ç»Ÿé…ç½®: tests/integration/../../config/system.yaml
2025-05-26 16:10:48,025 - app.core.config - [32mINFO[0m - å·²åŠ è½½ 1 ä¸ªè‚¡ç¥¨é…ç½®
2025-05-26 16:10:48,026 - app.core.config - [32mINFO[0m - å·²åŠ è½½ 0 ä¸ªç­–ç•¥é…ç½®
2025-05-26 16:10:48,026 - app.core.config - [32mINFO[0m - æ‰€æœ‰é…ç½®åŠ è½½å®Œæˆ
2025-05-26 16:10:48,026 - data.fetcher - [32mINFO[0m - è‚¡ç¥¨æ•°æ®è·å–å™¨åˆå§‹åŒ–å®Œæˆï¼Œä¸»æ•°æ®æº: yfinance
2025-05-26 16:12:25,861 - app.core.config - [32mINFO[0m - åŠ è½½ç³»ç»Ÿé…ç½®: tests/integration/../../config/system.yaml
2025-05-26 16:12:25,881 - app.core.config - [32mINFO[0m - å·²åŠ è½½ 1 ä¸ªè‚¡ç¥¨é…ç½®
2025-05-26 16:12:25,882 - app.core.config - [32mINFO[0m - å·²åŠ è½½ 0 ä¸ªç­–ç•¥é…ç½®
2025-05-26 16:12:25,882 - app.core.config - [32mINFO[0m - æ‰€æœ‰é…ç½®åŠ è½½å®Œæˆ
2025-05-26 16:12:25,882 - data.fetcher - [32mINFO[0m - è‚¡ç¥¨æ•°æ®è·å–å™¨åˆå§‹åŒ–å®Œæˆï¼Œä¸»æ•°æ®æº: yfinance
2025-05-26 16:12:25,883 - app.core.risk_manager - [32mINFO[0m - é£é™©ç®¡ç†å™¨åˆå§‹åŒ–å®Œæˆ
2025-05-26 16:12:47,044 - app.core.config - [32mINFO[0m - åŠ è½½ç³»ç»Ÿé…ç½®: tests/integration/../../config/system.yaml
2025-05-26 16:12:47,101 - app.core.config - [32mINFO[0m - å·²åŠ è½½ 1 ä¸ªè‚¡ç¥¨é…ç½®
2025-05-26 16:12:47,101 - app.core.config - [32mINFO[0m - å·²åŠ è½½ 0 ä¸ªç­–ç•¥é…ç½®
2025-05-26 16:12:47,101 - app.core.config - [32mINFO[0m - æ‰€æœ‰é…ç½®åŠ è½½å®Œæˆ
2025-05-26 16:12:47,102 - data.fetcher - [32mINFO[0m - è‚¡ç¥¨æ•°æ®è·å–å™¨åˆå§‹åŒ–å®Œæˆï¼Œä¸»æ•°æ®æº: yfinance
2025-05-26 16:12:47,103 - app.core.risk_manager - [32mINFO[0m - é£é™©ç®¡ç†å™¨åˆå§‹åŒ–å®Œæˆ
2025-05-26 16:13:26,612 - app.core.config - [32mINFO[0m - åŠ è½½ç³»ç»Ÿé…ç½®: tests/integration/../../config/system.yaml
2025-05-26 16:13:26,632 - app.core.config - [32mINFO[0m - å·²åŠ è½½ 1 ä¸ªè‚¡ç¥¨é…ç½®
2025-05-26 16:13:26,632 - app.core.config - [32mINFO[0m - å·²åŠ è½½ 0 ä¸ªç­–ç•¥é…ç½®
2025-05-26 16:13:26,632 - app.core.config - [32mINFO[0m - æ‰€æœ‰é…ç½®åŠ è½½å®Œæˆ
2025-05-26 16:13:26,633 - data.fetcher - [32mINFO[0m - è‚¡ç¥¨æ•°æ®è·å–å™¨åˆå§‹åŒ–å®Œæˆï¼Œä¸»æ•°æ®æº: yfinance
2025-05-26 16:13:26,633 - app.core.risk_manager - [32mINFO[0m - é£é™©ç®¡ç†å™¨åˆå§‹åŒ–å®Œæˆ
2025-05-26 16:20:44,695 - app.core.config - [32mINFO[0m - åŠ è½½ç³»ç»Ÿé…ç½®: tests/integration/../../config/system.yaml
2025-05-26 16:20:44,717 - app.core.config - [32mINFO[0m - å·²åŠ è½½ 1 ä¸ªè‚¡ç¥¨é…ç½®
2025-05-26 16:20:44,717 - app.core.config - [32mINFO[0m - å·²åŠ è½½ 0 ä¸ªç­–ç•¥é…ç½®
2025-05-26 16:20:44,717 - app.core.config - [32mINFO[0m - æ‰€æœ‰é…ç½®åŠ è½½å®Œæˆ
2025-05-26 16:20:44,718 - data.fetcher - [32mINFO[0m - è‚¡ç¥¨æ•°æ®è·å–å™¨åˆå§‹åŒ–å®Œæˆï¼Œä¸»æ•°æ®æº: yfinance
2025-05-26 16:20:44,718 - app.core.risk_manager - [32mINFO[0m - é£é™©ç®¡ç†å™¨åˆå§‹åŒ–å®Œæˆ
2025-05-26 17:33:35,335 - app.core.config - [32mINFO[0m - åŠ è½½ç³»ç»Ÿé…ç½®: tests/integration/../../config/system.yaml
2025-05-26 17:33:35,364 - app.core.config - [32mINFO[0m - å·²åŠ è½½ 1 ä¸ªè‚¡ç¥¨é…ç½®
2025-05-26 17:33:35,365 - app.core.config - [32mINFO[0m - å·²åŠ è½½ 0 ä¸ªç­–ç•¥é…ç½®
2025-05-26 17:33:35,365 - app.core.config - [32mINFO[0m - æ‰€æœ‰é…ç½®åŠ è½½å®Œæˆ
2025-05-26 17:33:35,365 - data.fetcher - [32mINFO[0m - è‚¡ç¥¨æ•°æ®è·å–å™¨åˆå§‹åŒ–å®Œæˆï¼Œä¸»æ•°æ®æº: yfinance
2025-05-26 17:33:35,366 - app.core.risk_manager - [32mINFO[0m - é£é™©ç®¡ç†å™¨åˆå§‹åŒ–å®Œæˆ
2025-05-26 17:33:54,419 - app.core.config - [32mINFO[0m - åŠ è½½ç³»ç»Ÿé…ç½®: /Users/zhibinpan/workspace/stock-trading-system/tests/integration/../../config/system.yaml
2025-05-26 17:33:54,445 - app.core.config - [32mINFO[0m - å·²åŠ è½½ 1 ä¸ªè‚¡ç¥¨é…ç½®
2025-05-26 17:33:54,446 - app.core.config - [32mINFO[0m - å·²åŠ è½½ 0 ä¸ªç­–ç•¥é…ç½®
2025-05-26 17:33:54,446 - app.core.config - [32mINFO[0m - æ‰€æœ‰é…ç½®åŠ è½½å®Œæˆ
2025-05-26 17:33:54,446 - data.fetcher - [32mINFO[0m - è‚¡ç¥¨æ•°æ®è·å–å™¨åˆå§‹åŒ–å®Œæˆï¼Œä¸»æ•°æ®æº: yfinance
2025-05-26 17:33:54,447 - app.core.risk_manager - [32mINFO[0m - é£é™©ç®¡ç†å™¨åˆå§‹åŒ–å®Œæˆ
2025-05-26 17:33:54,583 - data.fetcher - [32mINFO[0m - è‚¡ç¥¨æ•°æ®è·å–å™¨åˆå§‹åŒ–å®Œæˆï¼Œä¸»æ•°æ®æº: yfinance
2025-05-26 17:33:54,584 - app.core.risk_manager - [32mINFO[0m - é£é™©ç®¡ç†å™¨åˆå§‹åŒ–å®Œæˆ
2025-05-26 17:33:54,660 - data.fetcher - [32mINFO[0m - è‚¡ç¥¨æ•°æ®è·å–å™¨åˆå§‹åŒ–å®Œæˆï¼Œä¸»æ•°æ®æº: yfinance
2025-05-26 17:33:54,660 - app.core.risk_manager - [32mINFO[0m - é£é™©ç®¡ç†å™¨åˆå§‹åŒ–å®Œæˆ
2025-05-26 17:33:54,727 - data.fetcher - [32mINFO[0m - è‚¡ç¥¨æ•°æ®è·å–å™¨åˆå§‹åŒ–å®Œæˆï¼Œä¸»æ•°æ®æº: yfinance
2025-05-26 17:33:54,728 - app.core.risk_manager - [32mINFO[0m - é£é™©ç®¡ç†å™¨åˆå§‹åŒ–å®Œæˆ
2025-05-26 17:33:54,804 - data.fetcher - [32mINFO[0m - è‚¡ç¥¨æ•°æ®è·å–å™¨åˆå§‹åŒ–å®Œæˆï¼Œä¸»æ•°æ®æº: yfinance
2025-05-26 17:33:54,805 - app.core.risk_manager - [32mINFO[0m - é£é™©ç®¡ç†å™¨åˆå§‹åŒ–å®Œæˆ
2025-05-26 17:33:54,813 - data.fetcher - [32mINFO[0m - è‚¡ç¥¨æ•°æ®è·å–å™¨åˆå§‹åŒ–å®Œæˆï¼Œä¸»æ•°æ®æº: yfinance
2025-05-26 17:33:54,814 - app.core.risk_manager - [32mINFO[0m - é£é™©ç®¡ç†å™¨åˆå§‹åŒ–å®Œæˆ
2025-05-26 17:33:55,062 - data.fetcher - [32mINFO[0m - è‚¡ç¥¨æ•°æ®è·å–å™¨åˆå§‹åŒ–å®Œæˆï¼Œä¸»æ•°æ®æº: yfinance
2025-05-26 17:33:55,062 - app.core.risk_manager - [32mINFO[0m - é£é™©ç®¡ç†å™¨åˆå§‹åŒ–å®Œæˆ
2025-05-26 17:33:55,071 - data.fetcher - [32mINFO[0m - è‚¡ç¥¨æ•°æ®è·å–å™¨åˆå§‹åŒ–å®Œæˆï¼Œä¸»æ•°æ®æº: yfinance
2025-05-26 17:33:55,072 - app.core.risk_manager - [32mINFO[0m - é£é™©ç®¡ç†å™¨åˆå§‹åŒ–å®Œæˆ
2025-05-26 17:34:34,850 - app.core.config - [32mINFO[0m - åŠ è½½ç³»ç»Ÿé…ç½®: /Users/zhibinpan/workspace/stock-trading-system/tests/unit/../../config/system.yaml
2025-05-26 17:34:34,870 - app.core.config - [32mINFO[0m - å·²åŠ è½½ 1 ä¸ªè‚¡ç¥¨é…ç½®
2025-05-26 17:34:34,871 - app.core.config - [32mINFO[0m - å·²åŠ è½½ 0 ä¸ªç­–ç•¥é…ç½®
2025-05-26 17:34:34,871 - app.core.config - [32mINFO[0m - æ‰€æœ‰é…ç½®åŠ è½½å®Œæˆ
2025-05-26 17:34:34,871 - app.core.risk_manager - [32mINFO[0m - é£é™©ç®¡ç†å™¨åˆå§‹åŒ–å®Œæˆ
2025-05-26 17:34:34,873 - app.core.config - [32mINFO[0m - åŠ è½½ç³»ç»Ÿé…ç½®: /Users/zhibinpan/workspace/stock-trading-system/tests/unit/../../config/system.yaml
2025-05-26 17:34:34,893 - app.core.config - [32mINFO[0m - å·²åŠ è½½ 1 ä¸ªè‚¡ç¥¨é…ç½®
2025-05-26 17:34:34,893 - app.core.config - [32mINFO[0m - å·²åŠ è½½ 0 ä¸ªç­–ç•¥é…ç½®
2025-05-26 17:34:34,893 - app.core.config - [32mINFO[0m - æ‰€æœ‰é…ç½®åŠ è½½å®Œæˆ
2025-05-26 17:34:34,893 - app.core.risk_manager - [32mINFO[0m - é£é™©ç®¡ç†å™¨åˆå§‹åŒ–å®Œæˆ
2025-05-26 17:34:34,896 - app.core.config - [32mINFO[0m - åŠ è½½ç³»ç»Ÿé…ç½®: /Users/zhibinpan/workspace/stock-trading-system/tests/unit/../../config/system.yaml
2025-05-26 17:34:34,915 - app.core.config - [32mINFO[0m - å·²åŠ è½½ 1 ä¸ªè‚¡ç¥¨é…ç½®
2025-05-26 17:34:34,916 - app.core.config - [32mINFO[0m - å·²åŠ è½½ 0 ä¸ªç­–ç•¥é…ç½®
2025-05-26 17:34:34,916 - app.core.config - [32mINFO[0m - æ‰€æœ‰é…ç½®åŠ è½½å®Œæˆ
2025-05-26 17:34:34,916 - app.core.risk_manager - [32mINFO[0m - é£é™©ç®¡ç†å™¨åˆå§‹åŒ–å®Œæˆ
2025-05-26 17:34:34,919 - app.core.config - [32mINFO[0m - åŠ è½½ç³»ç»Ÿé…ç½®: /Users/zhibinpan/workspace/stock-trading-system/tests/unit/../../config/system.yaml
2025-05-26 17:34:34,937 - app.core.config - [32mINFO[0m - å·²åŠ è½½ 1 ä¸ªè‚¡ç¥¨é…ç½®
2025-05-26 17:34:34,937 - app.core.config - [32mINFO[0m - å·²åŠ è½½ 0 ä¸ªç­–ç•¥é…ç½®
2025-05-26 17:34:34,937 - app.core.config - [32mINFO[0m - æ‰€æœ‰é…ç½®åŠ è½½å®Œæˆ
2025-05-26 17:34:34,937 - app.core.risk_manager - [32mINFO[0m - é£é™©ç®¡ç†å™¨åˆå§‹åŒ–å®Œæˆ
2025-05-26 17:34:34,939 - app.core.config - [32mINFO[0m - åŠ è½½ç³»ç»Ÿé…ç½®: /Users/zhibinpan/workspace/stock-trading-system/tests/unit/../../config/system.yaml
2025-05-26 17:34:34,957 - app.core.config - [32mINFO[0m - å·²åŠ è½½ 1 ä¸ªè‚¡ç¥¨é…ç½®
2025-05-26 17:34:34,958 - app.core.config - [32mINFO[0m - å·²åŠ è½½ 0 ä¸ªç­–ç•¥é…ç½®
2025-05-26 17:34:34,958 - app.core.config - [32mINFO[0m - æ‰€æœ‰é…ç½®åŠ è½½å®Œæˆ
2025-05-26 17:34:34,958 - app.core.risk_manager - [32mINFO[0m - é£é™©ç®¡ç†å™¨åˆå§‹åŒ–å®Œæˆ
2025-05-26 17:34:35,892 - app.core.config - [32mINFO[0m - åŠ è½½ç³»ç»Ÿé…ç½®: /Users/zhibinpan/workspace/stock-trading-system/tests/unit/../../config/system.yaml
2025-05-26 17:34:35,910 - app.core.config - [32mINFO[0m - å·²åŠ è½½ 1 ä¸ªè‚¡ç¥¨é…ç½®
2025-05-26 17:34:35,910 - app.core.config - [32mINFO[0m - å·²åŠ è½½ 0 ä¸ªç­–ç•¥é…ç½®
2025-05-26 17:34:35,910 - app.core.config - [32mINFO[0m - æ‰€æœ‰é…ç½®åŠ è½½å®Œæˆ
2025-05-26 17:34:35,910 - data.fetcher - [32mINFO[0m - è‚¡ç¥¨æ•°æ®è·å–å™¨åˆå§‹åŒ–å®Œæˆï¼Œä¸»æ•°æ®æº: yfinance
2025-05-26 17:34:35,911 - app.core.risk_manager - [32mINFO[0m - é£é™©ç®¡ç†å™¨åˆå§‹åŒ–å®Œæˆ
2025-05-26 17:34:36,028 - data.fetcher - [32mINFO[0m - è‚¡ç¥¨æ•°æ®è·å–å™¨åˆå§‹åŒ–å®Œæˆï¼Œä¸»æ•°æ®æº: yfinance
2025-05-26 17:34:36,029 - app.core.risk_manager - [32mINFO[0m - é£é™©ç®¡ç†å™¨åˆå§‹åŒ–å®Œæˆ
2025-05-26 17:34:36,095 - data.fetcher - [32mINFO[0m - è‚¡ç¥¨æ•°æ®è·å–å™¨åˆå§‹åŒ–å®Œæˆï¼Œä¸»æ•°æ®æº: yfinance
2025-05-26 17:34:36,095 - app.core.risk_manager - [32mINFO[0m - é£é™©ç®¡ç†å™¨åˆå§‹åŒ–å®Œæˆ
2025-05-26 17:34:36,155 - data.fetcher - [32mINFO[0m - è‚¡ç¥¨æ•°æ®è·å–å™¨åˆå§‹åŒ–å®Œæˆï¼Œä¸»æ•°æ®æº: yfinance
2025-05-26 17:34:36,155 - app.core.risk_manager - [32mINFO[0m - é£é™©ç®¡ç†å™¨åˆå§‹åŒ–å®Œæˆ
2025-05-26 17:34:36,222 - data.fetcher - [32mINFO[0m - è‚¡ç¥¨æ•°æ®è·å–å™¨åˆå§‹åŒ–å®Œæˆï¼Œä¸»æ•°æ®æº: yfinance
2025-05-26 17:34:36,222 - app.core.risk_manager - [32mINFO[0m - é£é™©ç®¡ç†å™¨åˆå§‹åŒ–å®Œæˆ
2025-05-26 17:34:36,230 - data.fetcher - [32mINFO[0m - è‚¡ç¥¨æ•°æ®è·å–å™¨åˆå§‹åŒ–å®Œæˆï¼Œä¸»æ•°æ®æº: yfinance
2025-05-26 17:34:36,231 - app.core.risk_manager - [32mINFO[0m - é£é™©ç®¡ç†å™¨åˆå§‹åŒ–å®Œæˆ
2025-05-26 17:34:36,466 - data.fetcher - [32mINFO[0m - è‚¡ç¥¨æ•°æ®è·å–å™¨åˆå§‹åŒ–å®Œæˆï¼Œä¸»æ•°æ®æº: yfinance
2025-05-26 17:34:36,466 - app.core.risk_manager - [32mINFO[0m - é£é™©ç®¡ç†å™¨åˆå§‹åŒ–å®Œæˆ
2025-05-26 17:34:36,475 - data.fetcher - [32mINFO[0m - è‚¡ç¥¨æ•°æ®è·å–å™¨åˆå§‹åŒ–å®Œæˆï¼Œä¸»æ•°æ®æº: yfinance
2025-05-26 17:34:36,476 - app.core.risk_manager - [32mINFO[0m - é£é™©ç®¡ç†å™¨åˆå§‹åŒ–å®Œæˆ
2025-05-26 17:34:38,726 - __main__ - INFO - ç¾è‚¡æ—¥å†…å¥—åˆ©åŠ©æ‰‹ v1.0.0 å¯åŠ¨
2025-05-26 17:34:39,338 - app.core.config - [32mINFO[0m - åŠ è½½ç³»ç»Ÿé…ç½®: config/system.yaml
2025-05-26 17:34:39,357 - app.core.config - [32mINFO[0m - å·²åŠ è½½ 1 ä¸ªè‚¡ç¥¨é…ç½®
2025-05-26 17:34:39,357 - app.core.config - [32mINFO[0m - å·²åŠ è½½ 0 ä¸ªç­–ç•¥é…ç½®
2025-05-26 17:34:39,357 - app.core.config - [32mINFO[0m - æ‰€æœ‰é…ç½®åŠ è½½å®Œæˆ
2025-05-26 17:34:39,358 - data.fetcher - [32mINFO[0m - è‚¡ç¥¨æ•°æ®è·å–å™¨åˆå§‹åŒ–å®Œæˆï¼Œä¸»æ•°æ®æº: yfinance
2025-05-26 17:34:39,358 - data.fetcher - [32mINFO[0m - æ¨¡æ‹Ÿæ•°æ®è·å–å™¨åˆå§‹åŒ–å®Œæˆ
2025-05-26 17:34:39,359 - data.fetcher - [32mINFO[0m - ç”Ÿæˆ TSLA æ¨¡æ‹Ÿå†å²æ•°æ®: 1mo, 1d
2025-05-26 17:34:39,693 - data.fetcher - [32mINFO[0m - æˆåŠŸç”Ÿæˆ TSLA æ¨¡æ‹Ÿå†å²æ•°æ®: 36 æ¡è®°å½•
2025-05-26 17:34:39,741 - __main__ - [32mINFO[0m - å®Œæ•´åˆ†æå®Œæˆ: TSLA (ä¿¡å·:False, é£é™©:False, æ¨¡æ‹Ÿ:True)
2025-05-26 17:34:39,936 - __main__ - INFO - ç¾è‚¡æ—¥å†…å¥—åˆ©åŠ©æ‰‹ v1.0.0 å¯åŠ¨
2025-05-26 17:34:40,545 - app.core.config - [32mINFO[0m - åŠ è½½ç³»ç»Ÿé…ç½®: config/system.yaml
2025-05-26 17:34:40,564 - app.core.config - [32mINFO[0m - å·²åŠ è½½ 1 ä¸ªè‚¡ç¥¨é…ç½®
2025-05-26 17:34:40,564 - app.core.config - [32mINFO[0m - å·²åŠ è½½ 0 ä¸ªç­–ç•¥é…ç½®
2025-05-26 17:34:40,564 - app.core.config - [32mINFO[0m - æ‰€æœ‰é…ç½®åŠ è½½å®Œæˆ
2025-05-26 17:34:40,564 - data.fetcher - [32mINFO[0m - è‚¡ç¥¨æ•°æ®è·å–å™¨åˆå§‹åŒ–å®Œæˆï¼Œä¸»æ•°æ®æº: yfinance
2025-05-26 17:34:40,564 - data.fetcher - [32mINFO[0m - æ¨¡æ‹Ÿæ•°æ®è·å–å™¨åˆå§‹åŒ–å®Œæˆ
2025-05-26 17:34:40,620 - data.fetcher - [32mINFO[0m - ç”Ÿæˆ NVDA æ¨¡æ‹Ÿå†å²æ•°æ®: 1mo, 1d
2025-05-26 17:34:40,933 - data.fetcher - [32mINFO[0m - æˆåŠŸç”Ÿæˆ NVDA æ¨¡æ‹Ÿå†å²æ•°æ®: 36 æ¡è®°å½•
2025-05-26 17:34:40,988 - data.fetcher - [32mINFO[0m - ç”Ÿæˆ AAPL æ¨¡æ‹Ÿå†å²æ•°æ®: 1mo, 1d
2025-05-26 17:34:41,303 - data.fetcher - [32mINFO[0m - æˆåŠŸç”Ÿæˆ AAPL æ¨¡æ‹Ÿå†å²æ•°æ®: 36 æ¡è®°å½•
2025-05-26 17:34:41,364 - data.fetcher - [32mINFO[0m - ç”Ÿæˆ MSFT æ¨¡æ‹Ÿå†å²æ•°æ®: 1mo, 1d
2025-05-26 17:34:41,678 - data.fetcher - [32mINFO[0m - æˆåŠŸç”Ÿæˆ MSFT æ¨¡æ‹Ÿå†å²æ•°æ®: 36 æ¡è®°å½•
2025-05-26 17:34:41,740 - data.fetcher - [32mINFO[0m - ç”Ÿæˆ GOOGL æ¨¡æ‹Ÿå†å²æ•°æ®: 1mo, 1d
2025-05-26 17:34:42,047 - data.fetcher - [32mINFO[0m - æˆåŠŸç”Ÿæˆ GOOGL æ¨¡æ‹Ÿå†å²æ•°æ®: 36 æ¡è®°å½•
2025-05-26 17:34:42,101 - data.fetcher - [32mINFO[0m - ç”Ÿæˆ AMZN æ¨¡æ‹Ÿå†å²æ•°æ®: 1mo, 1d
2025-05-26 17:34:42,418 - data.fetcher - [32mINFO[0m - æˆåŠŸç”Ÿæˆ AMZN æ¨¡æ‹Ÿå†å²æ•°æ®: 36 æ¡è®°å½•
2025-05-26 17:34:42,478 - data.fetcher - [32mINFO[0m - ç”Ÿæˆ META æ¨¡æ‹Ÿå†å²æ•°æ®: 1mo, 1d
2025-05-26 17:34:42,785 - data.fetcher - [32mINFO[0m - æˆåŠŸç”Ÿæˆ META æ¨¡æ‹Ÿå†å²æ•°æ®: 36 æ¡è®°å½•
2025-05-26 17:34:42,839 - data.fetcher - [32mINFO[0m - ç”Ÿæˆ NFLX æ¨¡æ‹Ÿå†å²æ•°æ®: 1mo, 1d
2025-05-26 17:34:43,153 - data.fetcher - [32mINFO[0m - æˆåŠŸç”Ÿæˆ NFLX æ¨¡æ‹Ÿå†å²æ•°æ®: 36 æ¡è®°å½•
2025-05-26 17:34:43,394 - __main__ - INFO - ç¾è‚¡æ—¥å†…å¥—åˆ©åŠ©æ‰‹ v1.0.0 å¯åŠ¨
2025-05-26 17:34:43,516 - __main__ - INFO - ç¾è‚¡æ—¥å†…å¥—åˆ©åŠ©æ‰‹ v1.0.0 å¯åŠ¨
2025-05-26 17:34:44,092 - app.core.config - [32mINFO[0m - åŠ è½½ç³»ç»Ÿé…ç½®: config/system.yaml
2025-05-26 17:34:44,111 - app.core.config - [32mINFO[0m - å·²åŠ è½½ 1 ä¸ªè‚¡ç¥¨é…ç½®
2025-05-26 17:34:44,111 - app.core.config - [32mINFO[0m - å·²åŠ è½½ 0 ä¸ªç­–ç•¥é…ç½®
2025-05-26 17:34:44,111 - app.core.config - [32mINFO[0m - æ‰€æœ‰é…ç½®åŠ è½½å®Œæˆ
2025-05-26 17:34:44,111 - data.fetcher - [32mINFO[0m - è‚¡ç¥¨æ•°æ®è·å–å™¨åˆå§‹åŒ–å®Œæˆï¼Œä¸»æ•°æ®æº: yfinance
2025-05-26 17:34:44,111 - data.fetcher - [32mINFO[0m - æ¨¡æ‹Ÿæ•°æ®è·å–å™¨åˆå§‹åŒ–å®Œæˆ
2025-05-26 17:34:44,136 - __main__ - [32mINFO[0m - å®Œæ•´åˆ†æå®Œæˆ: TSLA (ä¿¡å·:False, é£é™©:False, æ¨¡æ‹Ÿ:True)
2025-05-26 17:34:44,314 - __main__ - INFO - ç¾è‚¡æ—¥å†…å¥—åˆ©åŠ©æ‰‹ v1.0.0 å¯åŠ¨
2025-05-26 17:34:44,891 - app.core.config - [32mINFO[0m - åŠ è½½ç³»ç»Ÿé…ç½®: config/system.yaml
2025-05-26 17:34:44,909 - app.core.config - [32mINFO[0m - å·²åŠ è½½ 1 ä¸ªè‚¡ç¥¨é…ç½®
2025-05-26 17:34:44,909 - app.core.config - [32mINFO[0m - å·²åŠ è½½ 0 ä¸ªç­–ç•¥é…ç½®
2025-05-26 17:34:44,909 - app.core.config - [32mINFO[0m - æ‰€æœ‰é…ç½®åŠ è½½å®Œæˆ
2025-05-26 17:34:44,909 - data.fetcher - [32mINFO[0m - è‚¡ç¥¨æ•°æ®è·å–å™¨åˆå§‹åŒ–å®Œæˆï¼Œä¸»æ•°æ®æº: yfinance
2025-05-26 17:34:44,909 - data.fetcher - [32mINFO[0m - æ¨¡æ‹Ÿæ•°æ®è·å–å™¨åˆå§‹åŒ–å®Œæˆ
2025-05-26 17:34:45,509 - __main__ - INFO - ç¾è‚¡æ—¥å†…å¥—åˆ©åŠ©æ‰‹ v1.0.0 å¯åŠ¨
2025-05-26 17:34:45,632 - __main__ - INFO - ç¾è‚¡æ—¥å†…å¥—åˆ©åŠ©æ‰‹ v1.0.0 å¯åŠ¨
2025-05-26 17:34:46,207 - app.core.config - [32mINFO[0m - åŠ è½½ç³»ç»Ÿé…ç½®: config/system.yaml
2025-05-26 17:34:46,224 - app.core.config - [32mINFO[0m - å·²åŠ è½½ 1 ä¸ªè‚¡ç¥¨é…ç½®
2025-05-26 17:34:46,225 - app.core.config - [32mINFO[0m - å·²åŠ è½½ 0 ä¸ªç­–ç•¥é…ç½®
2025-05-26 17:34:46,225 - app.core.config - [32mINFO[0m - æ‰€æœ‰é…ç½®åŠ è½½å®Œæˆ
2025-05-26 17:34:46,225 - data.fetcher - [32mINFO[0m - è‚¡ç¥¨æ•°æ®è·å–å™¨åˆå§‹åŒ–å®Œæˆï¼Œä¸»æ•°æ®æº: yfinance
2025-05-26 17:34:46,225 - data.fetcher - [32mINFO[0m - æ¨¡æ‹Ÿæ•°æ®è·å–å™¨åˆå§‹åŒ–å®Œæˆ
2025-05-26 17:34:46,248 - __main__ - [32mINFO[0m - å®Œæ•´åˆ†æå®Œæˆ: TSLA (ä¿¡å·:False, é£é™©:False, æ¨¡æ‹Ÿ:True)
2025-05-26 17:34:46,431 - __main__ - INFO - ç¾è‚¡æ—¥å†…å¥—åˆ©åŠ©æ‰‹ v1.0.0 å¯åŠ¨
2025-05-26 17:34:47,009 - app.core.config - [32mINFO[0m - åŠ è½½ç³»ç»Ÿé…ç½®: config/system.yaml
2025-05-26 17:34:47,027 - app.core.config - [32mINFO[0m - å·²åŠ è½½ 1 ä¸ªè‚¡ç¥¨é…ç½®
2025-05-26 17:34:47,027 - app.core.config - [32mINFO[0m - å·²åŠ è½½ 0 ä¸ªç­–ç•¥é…ç½®
2025-05-26 17:34:47,027 - app.core.config - [32mINFO[0m - æ‰€æœ‰é…ç½®åŠ è½½å®Œæˆ
2025-05-26 17:34:47,027 - data.fetcher - [32mINFO[0m - è‚¡ç¥¨æ•°æ®è·å–å™¨åˆå§‹åŒ–å®Œæˆï¼Œä¸»æ•°æ®æº: yfinance
2025-05-26 17:34:47,027 - data.fetcher - [32mINFO[0m - æ¨¡æ‹Ÿæ•°æ®è·å–å™¨åˆå§‹åŒ–å®Œæˆ
2025-05-26 17:34:47,050 - __main__ - [32mINFO[0m - å®Œæ•´åˆ†æå®Œæˆ: TSLA (ä¿¡å·:False, é£é™©:False, æ¨¡æ‹Ÿ:True)
2025-05-26 17:34:47,233 - __main__ - INFO - ç¾è‚¡æ—¥å†…å¥—åˆ©åŠ©æ‰‹ v1.0.0 å¯åŠ¨
2025-05-26 17:34:47,810 - app.core.config - [32mINFO[0m - åŠ è½½ç³»ç»Ÿé…ç½®: config/system.yaml
2025-05-26 17:34:47,827 - app.core.config - [32mINFO[0m - å·²åŠ è½½ 1 ä¸ªè‚¡ç¥¨é…ç½®
2025-05-26 17:34:47,828 - app.core.config - [32mINFO[0m - å·²åŠ è½½ 0 ä¸ªç­–ç•¥é…ç½®
2025-05-26 17:34:47,828 - app.core.config - [32mINFO[0m - æ‰€æœ‰é…ç½®åŠ è½½å®Œæˆ
2025-05-26 17:34:47,828 - data.fetcher - [32mINFO[0m - è‚¡ç¥¨æ•°æ®è·å–å™¨åˆå§‹åŒ–å®Œæˆï¼Œä¸»æ•°æ®æº: yfinance
2025-05-26 17:34:47,828 - data.fetcher - [32mINFO[0m - æ¨¡æ‹Ÿæ•°æ®è·å–å™¨åˆå§‹åŒ–å®Œæˆ
2025-05-26 17:34:47,851 - __main__ - [32mINFO[0m - å®Œæ•´åˆ†æå®Œæˆ: TSLA (ä¿¡å·:False, é£é™©:False, æ¨¡æ‹Ÿ:True)
2025-05-26 17:34:48,041 - __main__ - INFO - ç¾è‚¡æ—¥å†…å¥—åˆ©åŠ©æ‰‹ v1.0.0 å¯åŠ¨
2025-05-26 17:34:48,617 - app.core.config - [32mINFO[0m - åŠ è½½ç³»ç»Ÿé…ç½®: config/system.yaml
2025-05-26 17:34:48,635 - app.core.config - [32mINFO[0m - å·²åŠ è½½ 1 ä¸ªè‚¡ç¥¨é…ç½®
2025-05-26 17:34:48,635 - app.core.config - [32mINFO[0m - å·²åŠ è½½ 0 ä¸ªç­–ç•¥é…ç½®
2025-05-26 17:34:48,636 - app.core.config - [32mINFO[0m - æ‰€æœ‰é…ç½®åŠ è½½å®Œæˆ
2025-05-26 17:34:48,636 - data.fetcher - [32mINFO[0m - è‚¡ç¥¨æ•°æ®è·å–å™¨åˆå§‹åŒ–å®Œæˆï¼Œä¸»æ•°æ®æº: yfinance
2025-05-26 17:34:48,636 - data.fetcher - [32mINFO[0m - æ¨¡æ‹Ÿæ•°æ®è·å–å™¨åˆå§‹åŒ–å®Œæˆ
2025-05-26 17:34:48,659 - __main__ - [32mINFO[0m - å®Œæ•´åˆ†æå®Œæˆ: TSLA (ä¿¡å·:False, é£é™©:False, æ¨¡æ‹Ÿ:True)
2025-05-26 17:34:48,844 - __main__ - INFO - ç¾è‚¡æ—¥å†…å¥—åˆ©åŠ©æ‰‹ v1.0.0 å¯åŠ¨
2025-05-26 17:34:49,423 - app.core.config - [32mINFO[0m - åŠ è½½ç³»ç»Ÿé…ç½®: config/system.yaml
2025-05-26 17:34:49,441 - app.core.config - [32mINFO[0m - å·²åŠ è½½ 1 ä¸ªè‚¡ç¥¨é…ç½®
2025-05-26 17:34:49,441 - app.core.config - [32mINFO[0m - å·²åŠ è½½ 0 ä¸ªç­–ç•¥é…ç½®
2025-05-26 17:34:49,441 - app.core.config - [32mINFO[0m - æ‰€æœ‰é…ç½®åŠ è½½å®Œæˆ
2025-05-26 17:34:49,441 - data.fetcher - [32mINFO[0m - è‚¡ç¥¨æ•°æ®è·å–å™¨åˆå§‹åŒ–å®Œæˆï¼Œä¸»æ•°æ®æº: yfinance
2025-05-26 17:34:49,441 - data.fetcher - [32mINFO[0m - æ¨¡æ‹Ÿæ•°æ®è·å–å™¨åˆå§‹åŒ–å®Œæˆ
2025-05-26 17:34:49,464 - __main__ - [32mINFO[0m - å®Œæ•´åˆ†æå®Œæˆ: TSLA (ä¿¡å·:False, é£é™©:False, æ¨¡æ‹Ÿ:True)
2025-05-26 17:34:49,644 - __main__ - INFO - ç¾è‚¡æ—¥å†…å¥—åˆ©åŠ©æ‰‹ v1.0.0 å¯åŠ¨
2025-05-26 17:34:50,218 - app.core.config - [32mINFO[0m - åŠ è½½ç³»ç»Ÿé…ç½®: config/system.yaml
2025-05-26 17:34:50,235 - app.core.config - [32mINFO[0m - å·²åŠ è½½ 1 ä¸ªè‚¡ç¥¨é…ç½®
2025-05-26 17:34:50,236 - app.core.config - [32mINFO[0m - å·²åŠ è½½ 0 ä¸ªç­–ç•¥é…ç½®
2025-05-26 17:34:50,236 - app.core.config - [32mINFO[0m - æ‰€æœ‰é…ç½®åŠ è½½å®Œæˆ
2025-05-26 17:34:50,236 - data.fetcher - [32mINFO[0m - è‚¡ç¥¨æ•°æ®è·å–å™¨åˆå§‹åŒ–å®Œæˆï¼Œä¸»æ•°æ®æº: yfinance
2025-05-26 17:34:50,236 - data.fetcher - [32mINFO[0m - æ¨¡æ‹Ÿæ•°æ®è·å–å™¨åˆå§‹åŒ–å®Œæˆ
2025-05-26 17:34:50,259 - __main__ - [32mINFO[0m - å®Œæ•´åˆ†æå®Œæˆ: TSLA (ä¿¡å·:False, é£é™©:False, æ¨¡æ‹Ÿ:True)
2025-05-26 17:34:50,447 - __main__ - INFO - ç¾è‚¡æ—¥å†…å¥—åˆ©åŠ©æ‰‹ v1.0.0 å¯åŠ¨
2025-05-26 17:34:51,026 - app.core.config - [32mINFO[0m - åŠ è½½ç³»ç»Ÿé…ç½®: config/system.yaml
2025-05-26 17:34:51,044 - app.core.config - [32mINFO[0m - å·²åŠ è½½ 1 ä¸ªè‚¡ç¥¨é…ç½®
2025-05-26 17:34:51,044 - app.core.config - [32mINFO[0m - å·²åŠ è½½ 0 ä¸ªç­–ç•¥é…ç½®
2025-05-26 17:34:51,044 - app.core.config - [32mINFO[0m - æ‰€æœ‰é…ç½®åŠ è½½å®Œæˆ
2025-05-26 17:34:51,045 - data.fetcher - [32mINFO[0m - è‚¡ç¥¨æ•°æ®è·å–å™¨åˆå§‹åŒ–å®Œæˆï¼Œä¸»æ•°æ®æº: yfinance
2025-05-26 17:34:51,045 - data.fetcher - [32mINFO[0m - æ¨¡æ‹Ÿæ•°æ®è·å–å™¨åˆå§‹åŒ–å®Œæˆ
2025-05-26 17:34:51,068 - __main__ - [32mINFO[0m - å®Œæ•´åˆ†æå®Œæˆ: TSLA (ä¿¡å·:False, é£é™©:False, æ¨¡æ‹Ÿ:True)
2025-05-26 17:34:51,252 - __main__ - INFO - ç¾è‚¡æ—¥å†…å¥—åˆ©åŠ©æ‰‹ v1.0.0 å¯åŠ¨
2025-05-26 17:44:39,497 - __main__ - INFO - ç¾è‚¡æ—¥å†…å¥—åˆ©åŠ©æ‰‹ v1.0.0 å¯åŠ¨
2025-05-26 17:44:40,612 - app.core.config - [32mINFO[0m - åŠ è½½ç³»ç»Ÿé…ç½®: config/system.yaml
2025-05-26 17:44:40,632 - app.core.config - [32mINFO[0m - å·²åŠ è½½ 1 ä¸ªè‚¡ç¥¨é…ç½®
2025-05-26 17:44:40,632 - app.core.config - [32mINFO[0m - å·²åŠ è½½ 0 ä¸ªç­–ç•¥é…ç½®
2025-05-26 17:44:40,632 - app.core.config - [32mINFO[0m - æ‰€æœ‰é…ç½®åŠ è½½å®Œæˆ
2025-05-26 17:44:40,632 - data.fetcher - [32mINFO[0m - è‚¡ç¥¨æ•°æ®è·å–å™¨åˆå§‹åŒ–å®Œæˆï¼Œä¸»æ•°æ®æº: yfinance
2025-05-26 17:44:40,632 - data.fetcher - [32mINFO[0m - æ¨¡æ‹Ÿæ•°æ®è·å–å™¨åˆå§‹åŒ–å®Œæˆ
2025-05-26 17:44:40,632 - data.fetcher - [32mINFO[0m - æµ‹è¯•æ¨¡æ‹Ÿæ•°æ®æºè¿æ¥ï¼Œä½¿ç”¨è‚¡ç¥¨: AAPL
2025-05-26 17:44:40,633 - data.fetcher - [32mINFO[0m - è·å– AAPL æ¨¡æ‹Ÿä»·æ ¼æ•°æ®
2025-05-26 17:44:41,138 - data.fetcher - [32mINFO[0m - æˆåŠŸç”Ÿæˆ AAPL æ¨¡æ‹Ÿä»·æ ¼: $185.16
2025-05-26 17:44:41,138 - data.fetcher - [32mINFO[0m - æ¨¡æ‹Ÿæ•°æ®æºè¿æ¥æµ‹è¯•æˆåŠŸ
2025-05-26 17:44:41,140 - data.fetcher - [32mINFO[0m - ç”Ÿæˆ AAPL æ¨¡æ‹Ÿå†å²æ•°æ®: 5d, 1d
2025-05-26 17:44:41,474 - data.fetcher - [32mINFO[0m - æˆåŠŸç”Ÿæˆ AAPL æ¨¡æ‹Ÿå†å²æ•°æ®: 6 æ¡è®°å½•
2025-05-26 17:44:41,479 - data.fetcher - [32mINFO[0m - ç”Ÿæˆ AAPL æ¨¡æ‹Ÿè‚¡ç¥¨ä¿¡æ¯
2025-05-26 17:44:41,681 - data.fetcher - [32mINFO[0m - æˆåŠŸç”Ÿæˆ AAPL æ¨¡æ‹Ÿè‚¡ç¥¨ä¿¡æ¯
2025-05-26 17:44:41,682 - __main__ - [32mINFO[0m - æ•°æ®è·å–æµ‹è¯•å®Œæˆ: AAPL (æ¨¡æ‹Ÿæ¨¡å¼: True)
2025-05-26 17:44:50,891 - __main__ - INFO - ç¾è‚¡æ—¥å†…å¥—åˆ©åŠ©æ‰‹ v1.0.0 å¯åŠ¨
2025-05-26 17:44:51,608 - app.core.config - [32mINFO[0m - åŠ è½½ç³»ç»Ÿé…ç½®: config/system.yaml
2025-05-26 17:44:51,631 - app.core.config - [32mINFO[0m - å·²åŠ è½½ 1 ä¸ªè‚¡ç¥¨é…ç½®
2025-05-26 17:44:51,631 - app.core.config - [32mINFO[0m - å·²åŠ è½½ 0 ä¸ªç­–ç•¥é…ç½®
2025-05-26 17:44:51,631 - app.core.config - [32mINFO[0m - æ‰€æœ‰é…ç½®åŠ è½½å®Œæˆ
2025-05-26 17:44:51,632 - data.fetcher - [32mINFO[0m - è‚¡ç¥¨æ•°æ®è·å–å™¨åˆå§‹åŒ–å®Œæˆï¼Œä¸»æ•°æ®æº: yfinance
2025-05-26 17:44:51,673 - __main__ - [32mINFO[0m - å®Œæ•´åˆ†æå®Œæˆ: TSLA (ä¿¡å·:False, é£é™©:False, æ¨¡æ‹Ÿ:False)
2025-05-26 17:46:40,242 - __main__ - INFO - ç¾è‚¡æ—¥å†…å¥—åˆ©åŠ©æ‰‹ v1.0.0 å¯åŠ¨
2025-05-26 17:47:01,627 - __main__ - INFO - ç¾è‚¡æ—¥å†…å¥—åˆ©åŠ©æ‰‹ v1.0.0 å¯åŠ¨
2025-05-26 17:47:54,950 - __main__ - INFO - ç¾è‚¡æ—¥å†…å¥—åˆ©åŠ©æ‰‹ v1.0.0 å¯åŠ¨
2025-05-26 17:47:56,064 - app.core.config - [32mINFO[0m - åŠ è½½ç³»ç»Ÿé…ç½®: config/system.yaml
2025-05-26 17:47:56,087 - app.core.config - [32mINFO[0m - å·²åŠ è½½ 1 ä¸ªè‚¡ç¥¨é…ç½®
2025-05-26 17:47:56,087 - app.core.config - [32mINFO[0m - å·²åŠ è½½ 0 ä¸ªç­–ç•¥é…ç½®
2025-05-26 17:47:56,087 - app.core.config - [32mINFO[0m - æ‰€æœ‰é…ç½®åŠ è½½å®Œæˆ
2025-05-26 17:47:56,087 - data.fetcher - [32mINFO[0m - è‚¡ç¥¨æ•°æ®è·å–å™¨åˆå§‹åŒ–å®Œæˆï¼Œä¸»æ•°æ®æº: yfinance
2025-05-26 19:27:42,027 - __main__ - INFO - ç¾è‚¡æ—¥å†…å¥—åˆ©åŠ©æ‰‹ v1.0.0 å¯åŠ¨
2025-05-26 19:27:43,314 - app.core.config - [32mINFO[0m - åŠ è½½ç³»ç»Ÿé…ç½®: config/system.yaml
2025-05-26 19:27:43,339 - app.core.config - [32mINFO[0m - å·²åŠ è½½ 1 ä¸ªè‚¡ç¥¨é…ç½®
2025-05-26 19:27:43,340 - app.core.config - [32mINFO[0m - å·²åŠ è½½ 0 ä¸ªç­–ç•¥é…ç½®
2025-05-26 19:27:43,340 - app.core.config - [32mINFO[0m - æ‰€æœ‰é…ç½®åŠ è½½å®Œæˆ
2025-05-26 19:27:43,340 - data.fetcher - [32mINFO[0m - è‚¡ç¥¨æ•°æ®è·å–å™¨åˆå§‹åŒ–å®Œæˆï¼Œä¸»æ•°æ®æº: yfinance
2025-05-26 19:27:43,340 - data.fetcher - [32mINFO[0m - æ¨¡æ‹Ÿæ•°æ®è·å–å™¨åˆå§‹åŒ–å®Œæˆ
2025-05-26 19:27:43,340 - data.fetcher - [32mINFO[0m - æµ‹è¯•æ¨¡æ‹Ÿæ•°æ®æºè¿æ¥ï¼Œä½¿ç”¨è‚¡ç¥¨: AAPL
2025-05-26 19:27:43,341 - data.fetcher - [32mINFO[0m - è·å– AAPL æ¨¡æ‹Ÿä»·æ ¼æ•°æ®
2025-05-26 19:27:43,848 - data.fetcher - [32mINFO[0m - æˆåŠŸç”Ÿæˆ AAPL æ¨¡æ‹Ÿä»·æ ¼: $178.66
2025-05-26 19:27:43,849 - data.fetcher - [32mINFO[0m - æ¨¡æ‹Ÿæ•°æ®æºè¿æ¥æµ‹è¯•æˆåŠŸ
2025-05-26 19:27:43,856 - data.fetcher - [32mINFO[0m - ç”Ÿæˆ AAPL æ¨¡æ‹Ÿå†å²æ•°æ®: 5d, 1d
2025-05-26 19:27:44,176 - data.fetcher - [32mINFO[0m - æˆåŠŸç”Ÿæˆ AAPL æ¨¡æ‹Ÿå†å²æ•°æ®: 6 æ¡è®°å½•
2025-05-26 19:27:44,180 - __main__ - [32mINFO[0m - æ•°æ®è·å–æµ‹è¯•å®Œæˆ: AAPL (æ¨¡æ‹Ÿæ¨¡å¼: True)
2025-05-26 19:27:55,341 - __main__ - INFO - ç¾è‚¡æ—¥å†…å¥—åˆ©åŠ©æ‰‹ v1.0.0 å¯åŠ¨
2025-05-26 19:27:56,047 - app.core.config - [32mINFO[0m - åŠ è½½ç³»ç»Ÿé…ç½®: config/system.yaml
2025-05-26 19:27:56,069 - app.core.config - [32mINFO[0m - å·²åŠ è½½ 1 ä¸ªè‚¡ç¥¨é…ç½®
2025-05-26 19:27:56,070 - app.core.config - [32mINFO[0m - å·²åŠ è½½ 0 ä¸ªç­–ç•¥é…ç½®
2025-05-26 19:27:56,070 - app.core.config - [32mINFO[0m - æ‰€æœ‰é…ç½®åŠ è½½å®Œæˆ
2025-05-26 19:27:56,070 - data.fetcher - [32mINFO[0m - è‚¡ç¥¨æ•°æ®è·å–å™¨åˆå§‹åŒ–å®Œæˆï¼Œä¸»æ•°æ®æº: yfinance
2025-05-26 19:27:56,072 - data.fetcher - [32mINFO[0m - è·å– TSLA å†å²æ•°æ®: 1mo, 1d
2025-05-26 19:28:04,494 - data.fetcher - [31mERROR[0m - è·å– TSLA å†å²æ•°æ®å¤±è´¥: Too Many Requests. Rate limited. Try after a while.
2025-05-26 19:28:04,496 - __main__ - [31mERROR[0m - æ•°æ®è·å–å¤±è´¥: è·å– TSLA å†å²æ•°æ®å¤±è´¥: Too Many Requests. Rate limited. Try after a while.
2025-05-26 19:28:23,538 - __main__ - INFO - ç¾è‚¡æ—¥å†…å¥—åˆ©åŠ©æ‰‹ v1.0.0 å¯åŠ¨
2025-05-26 19:28:24,718 - app.core.config - [32mINFO[0m - åŠ è½½ç³»ç»Ÿé…ç½®: config/system.yaml
2025-05-26 19:28:24,738 - app.core.config - [32mINFO[0m - å·²åŠ è½½ 1 ä¸ªè‚¡ç¥¨é…ç½®
2025-05-26 19:28:24,738 - app.core.config - [32mINFO[0m - å·²åŠ è½½ 0 ä¸ªç­–ç•¥é…ç½®
2025-05-26 19:28:24,738 - app.core.config - [32mINFO[0m - æ‰€æœ‰é…ç½®åŠ è½½å®Œæˆ
2025-05-26 19:28:24,738 - data.fetcher - [32mINFO[0m - è‚¡ç¥¨æ•°æ®è·å–å™¨åˆå§‹åŒ–å®Œæˆï¼Œä¸»æ•°æ®æº: yfinance
2025-05-26 19:28:24,738 - data.fetcher - [32mINFO[0m - æ¨¡æ‹Ÿæ•°æ®è·å–å™¨åˆå§‹åŒ–å®Œæˆ
2025-05-26 19:28:24,742 - data.fetcher - [32mINFO[0m - ç”Ÿæˆ TSLA æ¨¡æ‹Ÿå†å²æ•°æ®: 1mo, 1d
2025-05-26 19:28:25,067 - data.fetcher - [32mINFO[0m - æˆåŠŸç”Ÿæˆ TSLA æ¨¡æ‹Ÿå†å²æ•°æ®: 36 æ¡è®°å½•
2025-05-26 19:28:25,114 - __main__ - [32mINFO[0m - å®Œæ•´åˆ†æå®Œæˆ: TSLA (ä¿¡å·:False, é£é™©:False, æ¨¡æ‹Ÿ:True)
2025-05-26 19:28:31,913 - __main__ - INFO - ç¾è‚¡æ—¥å†…å¥—åˆ©åŠ©æ‰‹ v1.0.0 å¯åŠ¨
2025-05-26 19:28:32,591 - app.core.config - [32mINFO[0m - åŠ è½½ç³»ç»Ÿé…ç½®: config/system.yaml
2025-05-26 19:28:32,612 - app.core.config - [32mINFO[0m - å·²åŠ è½½ 1 ä¸ªè‚¡ç¥¨é…ç½®
2025-05-26 19:28:32,613 - app.core.config - [32mINFO[0m - å·²åŠ è½½ 0 ä¸ªç­–ç•¥é…ç½®
2025-05-26 19:28:32,613 - app.core.config - [32mINFO[0m - æ‰€æœ‰é…ç½®åŠ è½½å®Œæˆ
2025-05-26 19:28:32,613 - data.fetcher - [32mINFO[0m - è‚¡ç¥¨æ•°æ®è·å–å™¨åˆå§‹åŒ–å®Œæˆï¼Œä¸»æ•°æ®æº: yfinance
2025-05-26 19:28:40,185 - __main__ - INFO - ç¾è‚¡æ—¥å†…å¥—åˆ©åŠ©æ‰‹ v1.0.0 å¯åŠ¨
2025-05-26 19:28:46,823 - __main__ - INFO - ç¾è‚¡æ—¥å†…å¥—åˆ©åŠ©æ‰‹ v1.0.0 å¯åŠ¨
